<?xml version="1.0" encoding="UTF-8"?>
<!-- Generated by org.testng.reporters.JUnitReportReporter -->
<testsuite hostname="LAPTOP-STU4A0JD" failures="0" tests="2" name="utilities.Extentreport" time="2.084" errors="0" timestamp="2024-01-09T17:20:28 IST" skipped="0">
  <testcase classname="utilities.Extentreport" name="extentdemo" time="0.099"/>
  <testcase classname="utilities.Extentreport" name="extentDemo2" time="1.985"/>
</testsuite> <!-- utilities.Extentreport -->
